<?xml version="1.0" encoding="UTF-8"?>
<!-- Generated by org.testng.reporters.JUnitReportReporter -->
<testsuite hostname="DESKTOP-0MHP5IB" failures="0" tests="1" name="kdf.Application" time="41.188" errors="0" timestamp="2022-02-23T15:58:55 EST" skipped="0">
  <testcase classname="kdf.Application" name="verifyInvalidLogin" time="41.188"/>
  <system-out/>
</testsuite> <!-- kdf.Application -->
